<?xml version="1.0" encoding="UTF-8"?>
<!-- Generated by org.testng.reporters.JUnitReportReporter -->
<testsuite hostname="techtrail-HP-ProBook-640-G2" failures="0" tests="1" name="com.xuriti.dev.TestClass.Tc_05_S_AddCompany" time="14.986" errors="0" timestamp="2022-11-22T16:11:05 IST" skipped="0">
  <testcase classname="com.xuriti.dev.TestClass.Tc_05_S_AddCompany" name="AddSellercompany_buyer" time="14.986"/>
  <system-out>
    <![CDATA[Seller Company has been Added]]>
  </system-out>
</testsuite> <!-- com.xuriti.dev.TestClass.Tc_05_S_AddCompany -->
